# JRE version: OpenJDK Runtime Environment (8.0_152-b02) (build 1.8.0_152-release-1024-b02)
# Java VM: OpenJDK 64-Bit Server VM (25.152-b02 mixed mode windows-amd64 compressed oops)
Heap:
 PSYoungGen      total 501760K, used 418488K [0x00000000e0000000, 0x0000000100000000, 0x0000000100000000)
  eden space 481280K, 83% used [0x00000000e0000000,0x00000000f8a1df28,0x00000000fd600000)
  from space 20480K, 72% used [0x00000000fd600000,0x00000000fe4901e8,0x00000000fea00000)
  to   space 22016K, 11% used [0x00000000fea80000,0x00000000fecfa530,0x0000000100000000)
 ParOldGen       total 122368K, used 47486K [0x00000000a0000000, 0x00000000a7780000, 0x00000000e0000000)
  object space 122368K, 38% used [0x00000000a0000000,0x00000000a2e61ba0,0x00000000a7780000)
 Metaspace       used 76149K, capacity 79642K, committed 79704K, reserved 1122304K
  class space    used 9883K, capacity 10596K, committed 10624K, reserved 1048576K
GC Heap History (10 events):
Event: 26.478 GC heap before
{Heap before GC invocations=16 (full 3):
 PSYoungGen      total 259072K, used 256K [0x00000000e0000000, 0x00000000f8700000, 0x0000000100000000)
  eden space 236544K, 0% used [0x00000000e0000000,0x00000000e0000000,0x00000000ee700000)
  from space 22528K, 1% used [0x00000000ee700000,0x00000000ee740000,0x00000000efd00000)
  to   space 22528K, 0% used [0x00000000f7100000,0x00000000f7100000,0x00000000f8700000)
 ParOldGen       total 98304K, used 46804K [0x00000000a0000000, 0x00000000a6000000, 0x00000000e0000000)
  object space 98304K, 47% used [0x00000000a0000000,0x00000000a2db53e0,0x00000000a6000000)
 Metaspace       used 57038K, capacity 58950K, committed 59028K, reserved 1099776K
  class space    used 7754K, capacity 8174K, committed 8192K, reserved 1048576K
Event: 26.722 GC heap after
Heap after GC invocations=16 (full 3):
 PSYoungGen      total 259072K, used 0K [0x00000000e0000000, 0x00000000f8700000, 0x0000000100000000)
  eden space 236544K, 0% used [0x00000000e0000000,0x00000000e0000000,0x00000000ee700000)
  from space 22528K, 0% used [0x00000000ee700000,0x00000000ee700000,0x00000000efd00000)
  to   space 22528K, 0% used [0x00000000f7100000,0x00000000f7100000,0x00000000f8700000)
 ParOldGen       total 122368K, used 32473K [0x00000000a0000000, 0x00000000a7780000, 0x00000000e0000000)
  object space 122368K, 26% used [0x00000000a0000000,0x00000000a1fb67c8,0x00000000a7780000)
 Metaspace       used 57038K, capacity 58950K, committed 59028K, reserved 1099776K
  class space    used 7754K, capacity 8174K, committed 8192K, reserved 1048576K
}
Event: 870.016 GC heap before
{Heap before GC invocations=17 (full 3):
 PSYoungGen      total 259072K, used 235949K [0x00000000e0000000, 0x00000000f8700000, 0x0000000100000000)
  eden space 236544K, 99% used [0x00000000e0000000,0x00000000ee66b538,0x00000000ee700000)
  from space 22528K, 0% used [0x00000000ee700000,0x00000000ee700000,0x00000000efd00000)
  to   space 22528K, 0% used [0x00000000f7100000,0x00000000f7100000,0x00000000f8700000)
 ParOldGen       total 122368K, used 32473K [0x00000000a0000000, 0x00000000a7780000, 0x00000000e0000000)
  object space 122368K, 26% used [0x00000000a0000000,0x00000000a1fb67c8,0x00000000a7780000)
 Metaspace       used 61405K, capacity 63650K, committed 63960K, reserved 1103872K
  class space    used 8150K, capacity 8622K, committed 8704K, reserved 1048576K
Event: 870.031 GC heap after
Heap after GC invocations=17 (full 3):
 PSYoungGen      total 370688K, used 9768K [0x00000000e0000000, 0x00000000f8300000, 0x0000000100000000)
  eden space 352256K, 0% used [0x00000000e0000000,0x00000000e0000000,0x00000000f5800000)
  from space 18432K, 52% used [0x00000000f7100000,0x00000000f7a8a310,0x00000000f8300000)
  to   space 22016K, 0% used [0x00000000f5800000,0x00000000f5800000,0x00000000f6d80000)
 ParOldGen       total 122368K, used 32481K [0x00000000a0000000, 0x00000000a7780000, 0x00000000e0000000)
  object space 122368K, 26% used [0x00000000a0000000,0x00000000a1fb87c8,0x00000000a7780000)
 Metaspace       used 61405K, capacity 63650K, committed 63960K, reserved 1103872K
  class space    used 8150K, capacity 8622K, committed 8704K, reserved 1048576K
}
Event: 1643.822 GC heap before
{Heap before GC invocations=18 (full 3):
 PSYoungGen      total 370688K, used 362024K [0x00000000e0000000, 0x00000000f8300000, 0x0000000100000000)
  eden space 352256K, 100% used [0x00000000e0000000,0x00000000f5800000,0x00000000f5800000)
  from space 18432K, 52% used [0x00000000f7100000,0x00000000f7a8a310,0x00000000f8300000)
  to   space 22016K, 0% used [0x00000000f5800000,0x00000000f5800000,0x00000000f6d80000)
 ParOldGen       total 122368K, used 32481K [0x00000000a0000000, 0x00000000a7780000, 0x00000000e0000000)
  object space 122368K, 26% used [0x00000000a0000000,0x00000000a1fb87c8,0x00000000a7780000)
 Metaspace       used 61872K, capacity 64208K, committed 64472K, reserved 1105920K
  class space    used 8166K, capacity 8649K, committed 8704K, reserved 1048576K
Event: 1643.835 GC heap after
Heap after GC invocations=18 (full 3):
 PSYoungGen      total 374272K, used 6960K [0x00000000e0000000, 0x0000000100000000, 0x0000000100000000)
  eden space 352256K, 0% used [0x00000000e0000000,0x00000000e0000000,0x00000000f5800000)
  from space 22016K, 31% used [0x00000000f5800000,0x00000000f5ecc040,0x00000000f6d80000)
  to   space 20992K, 0% used [0x00000000feb80000,0x00000000feb80000,0x0000000100000000)
 ParOldGen       total 122368K, used 34055K [0x00000000a0000000, 0x00000000a7780000, 0x00000000e0000000)
  object space 122368K, 27% used [0x00000000a0000000,0x00000000a2141c48,0x00000000a7780000)
 Metaspace       used 61872K, capacity 64208K, committed 64472K, reserved 1105920K
  class space    used 8166K, capacity 8649K, committed 8704K, reserved 1048576K
}
Event: 1668.668 GC heap before
{Heap before GC invocations=19 (full 3):
 PSYoungGen      total 374272K, used 359055K [0x00000000e0000000, 0x0000000100000000, 0x0000000100000000)
  eden space 352256K, 99% used [0x00000000e0000000,0x00000000f57d7e38,0x00000000f5800000)
  from space 22016K, 31% used [0x00000000f5800000,0x00000000f5ecc040,0x00000000f6d80000)
  to   space 20992K, 0% used [0x00000000feb80000,0x00000000feb80000,0x0000000100000000)
 ParOldGen       total 122368K, used 34055K [0x00000000a0000000, 0x00000000a7780000, 0x00000000e0000000)
  object space 122368K, 27% used [0x00000000a0000000,0x00000000a2141c48,0x00000000a7780000)
 Metaspace       used 61987K, capacity 64428K, committed 64472K, reserved 1105920K
  class space    used 8174K, capacity 8663K, committed 8704K, reserved 1048576K
Event: 1668.676 GC heap after
Heap after GC invocations=19 (full 3):
 PSYoungGen      total 500224K, used 1906K [0x00000000e0000000, 0x00000000ffe00000, 0x0000000100000000)
  eden space 481280K, 0% used [0x00000000e0000000,0x00000000e0000000,0x00000000fd600000)
  from space 18944K, 10% used [0x00000000feb80000,0x00000000fed5cbd0,0x00000000ffe00000)
  to   space 20480K, 0% used [0x00000000fd600000,0x00000000fd600000,0x00000000fea00000)
 ParOldGen       total 122368K, used 37761K [0x00000000a0000000, 0x00000000a7780000, 0x00000000e0000000)
  object space 122368K, 30% used [0x00000000a0000000,0x00000000a24e06e8,0x00000000a7780000)
 Metaspace       used 61987K, capacity 64428K, committed 64472K, reserved 1105920K
  class space    used 8174K, capacity 8663K, committed 8704K, reserved 1048576K
}
Event: 2557.759 GC heap before
{Heap before GC invocations=20 (full 3):
 PSYoungGen      total 500224K, used 482636K [0x00000000e0000000, 0x00000000ffe00000, 0x0000000100000000)
  eden space 481280K, 99% used [0x00000000e0000000,0x00000000fd5765d0,0x00000000fd600000)
  from space 18944K, 10% used [0x00000000feb80000,0x00000000fed5cbd0,0x00000000ffe00000)
  to   space 20480K, 0% used [0x00000000fd600000,0x00000000fd600000,0x00000000fea00000)
 ParOldGen       total 122368K, used 37761K [0x00000000a0000000, 0x00000000a7780000, 0x00000000e0000000)
  object space 122368K, 30% used [0x00000000a0000000,0x00000000a24e06e8,0x00000000a7780000)
 Metaspace       used 68356K, capacity 71174K, committed 71384K, reserved 1112064K
  class space    used 8879K, capacity 9424K, committed 9472K, reserved 1048576K
Event: 2557.797 GC heap after
Heap after GC invocations=20 (full 3):
 PSYoungGen      total 501760K, used 14912K [0x00000000e0000000, 0x0000000100000000, 0x0000000100000000)
  eden space 481280K, 0% used [0x00000000e0000000,0x00000000e0000000,0x00000000fd600000)
  from space 20480K, 72% used [0x00000000fd600000,0x00000000fe4901e8,0x00000000fea00000)
  to   space 22016K, 0% used [0x00000000fea80000,0x00000000fea80000,0x0000000100000000)
 ParOldGen       total 122368K, used 38129K [0x00000000a0000000, 0x00000000a7780000, 0x00000000e0000000)
  object space 122368K, 31% used [0x00000000a0000000,0x00000000a253c788,0x00000000a7780000)
 Metaspace       used 68356K, capacity 71174K, committed 71384K, reserved 1112064K
  class space    used 8879K, capacity 9424K, committed 9472K, reserved 1048576K
}

